info: [object Object]
error: uncaughtException: Cannot find module '../models/user'
Error: Cannot find module '../models/user'
    at Function.Module._resolveFilename (internal/modules/cjs/loader.js:581:15)
    at Function.Module._load (internal/modules/cjs/loader.js:507:25)
    at Module.require (internal/modules/cjs/loader.js:637:17)
    at require (internal/modules/cjs/helpers.js:22:18)
    at Object.<anonymous> (/Users/jan/dev/Actividad_1/server/index.js:12:14)
    at Module._compile (internal/modules/cjs/loader.js:689:30)
    at Object.Module._extensions..js (internal/modules/cjs/loader.js:700:10)
    at Module.load (internal/modules/cjs/loader.js:599:32)
    at tryModuleLoad (internal/modules/cjs/loader.js:538:12)
    at Function.Module._load (internal/modules/cjs/loader.js:530:3)
    at Function.Module.runMain (internal/modules/cjs/loader.js:742:12)
    at startup (internal/bootstrap/node.js:283:19)
    at bootstrapNodeJSCore (internal/bootstrap/node.js:743:3) {"error":{"code":"MODULE_NOT_FOUND"},"stack":"Error: Cannot find module '../models/user'\n    at Function.Module._resolveFilename (internal/modules/cjs/loader.js:581:15)\n    at Function.Module._load (internal/modules/cjs/loader.js:507:25)\n    at Module.require (internal/modules/cjs/loader.js:637:17)\n    at require (internal/modules/cjs/helpers.js:22:18)\n    at Object.<anonymous> (/Users/jan/dev/Actividad_1/server/index.js:12:14)\n    at Module._compile (internal/modules/cjs/loader.js:689:30)\n    at Object.Module._extensions..js (internal/modules/cjs/loader.js:700:10)\n    at Module.load (internal/modules/cjs/loader.js:599:32)\n    at tryModuleLoad (internal/modules/cjs/loader.js:538:12)\n    at Function.Module._load (internal/modules/cjs/loader.js:530:3)\n    at Function.Module.runMain (internal/modules/cjs/loader.js:742:12)\n    at startup (internal/bootstrap/node.js:283:19)\n    at bootstrapNodeJSCore (internal/bootstrap/node.js:743:3)","exception":true,"date":"Mon Apr 08 2019 16:49:52 GMT+0200 (GMT+02:00)","process":{"pid":2281,"uid":501,"gid":20,"cwd":"/Users/jan/dev/Actividad_1","execPath":"/usr/local/bin/node","version":"v10.15.1","argv":["/usr/local/bin/node","/Users/jan/dev/Actividad_1/server"],"memoryUsage":{"rss":55332864,"heapTotal":39649280,"heapUsed":27098880,"external":20301037}},"os":{"loadavg":[4.45361328125,3.05615234375,3.14013671875],"uptime":24300},"trace":[{"column":15,"file":"internal/modules/cjs/loader.js","function":"Module._resolveFilename","line":581,"method":"_resolveFilename","native":false},{"column":25,"file":"internal/modules/cjs/loader.js","function":"Module._load","line":507,"method":"_load","native":false},{"column":17,"file":"internal/modules/cjs/loader.js","function":"Module.require","line":637,"method":"require","native":false},{"column":18,"file":"internal/modules/cjs/helpers.js","function":"require","line":22,"method":null,"native":false},{"column":14,"file":"/Users/jan/dev/Actividad_1/server/index.js","function":null,"line":12,"method":null,"native":false},{"column":30,"file":"internal/modules/cjs/loader.js","function":"Module._compile","line":689,"method":"_compile","native":false},{"column":10,"file":"internal/modules/cjs/loader.js","function":"Module._extensions..js","line":700,"method":".js","native":false},{"column":32,"file":"internal/modules/cjs/loader.js","function":"Module.load","line":599,"method":"load","native":false},{"column":12,"file":"internal/modules/cjs/loader.js","function":"tryModuleLoad","line":538,"method":null,"native":false},{"column":3,"file":"internal/modules/cjs/loader.js","function":"Module._load","line":530,"method":"_load","native":false},{"column":12,"file":"internal/modules/cjs/loader.js","function":"Module.runMain","line":742,"method":"runMain","native":false},{"column":19,"file":"internal/bootstrap/node.js","function":"startup","line":283,"method":null,"native":false},{"column":3,"file":"internal/bootstrap/node.js","function":"bootstrapNodeJSCore","line":743,"method":null,"native":false}]}
error: uncaughtException: Cannot find module '../models/user'
Error: Cannot find module '../models/user'
    at Function.Module._resolveFilename (internal/modules/cjs/loader.js:581:15)
    at Function.Module._load (internal/modules/cjs/loader.js:507:25)
    at Module.require (internal/modules/cjs/loader.js:637:17)
    at require (internal/modules/cjs/helpers.js:22:18)
    at Object.<anonymous> (/Users/jan/dev/Actividad_1/server/index.js:12:14)
    at Module._compile (internal/modules/cjs/loader.js:689:30)
    at Object.Module._extensions..js (internal/modules/cjs/loader.js:700:10)
    at Module.load (internal/modules/cjs/loader.js:599:32)
    at tryModuleLoad (internal/modules/cjs/loader.js:538:12)
    at Function.Module._load (internal/modules/cjs/loader.js:530:3)
    at Function.Module.runMain (internal/modules/cjs/loader.js:742:12)
    at startup (internal/bootstrap/node.js:283:19)
    at bootstrapNodeJSCore (internal/bootstrap/node.js:743:3) {"error":{"code":"MODULE_NOT_FOUND"},"stack":"Error: Cannot find module '../models/user'\n    at Function.Module._resolveFilename (internal/modules/cjs/loader.js:581:15)\n    at Function.Module._load (internal/modules/cjs/loader.js:507:25)\n    at Module.require (internal/modules/cjs/loader.js:637:17)\n    at require (internal/modules/cjs/helpers.js:22:18)\n    at Object.<anonymous> (/Users/jan/dev/Actividad_1/server/index.js:12:14)\n    at Module._compile (internal/modules/cjs/loader.js:689:30)\n    at Object.Module._extensions..js (internal/modules/cjs/loader.js:700:10)\n    at Module.load (internal/modules/cjs/loader.js:599:32)\n    at tryModuleLoad (internal/modules/cjs/loader.js:538:12)\n    at Function.Module._load (internal/modules/cjs/loader.js:530:3)\n    at Function.Module.runMain (internal/modules/cjs/loader.js:742:12)\n    at startup (internal/bootstrap/node.js:283:19)\n    at bootstrapNodeJSCore (internal/bootstrap/node.js:743:3)","exception":true,"date":"Mon Apr 08 2019 16:50:01 GMT+0200 (GMT+02:00)","process":{"pid":2292,"uid":501,"gid":20,"cwd":"/Users/jan/dev/Actividad_1","execPath":"/usr/local/bin/node","version":"v10.15.1","argv":["/usr/local/bin/node","/Users/jan/dev/Actividad_1/server"],"memoryUsage":{"rss":52297728,"heapTotal":37470208,"heapUsed":23540704,"external":19761179}},"os":{"loadavg":[4.0966796875,3.00537109375,3.12158203125],"uptime":24309},"trace":[{"column":15,"file":"internal/modules/cjs/loader.js","function":"Module._resolveFilename","line":581,"method":"_resolveFilename","native":false},{"column":25,"file":"internal/modules/cjs/loader.js","function":"Module._load","line":507,"method":"_load","native":false},{"column":17,"file":"internal/modules/cjs/loader.js","function":"Module.require","line":637,"method":"require","native":false},{"column":18,"file":"internal/modules/cjs/helpers.js","function":"require","line":22,"method":null,"native":false},{"column":14,"file":"/Users/jan/dev/Actividad_1/server/index.js","function":null,"line":12,"method":null,"native":false},{"column":30,"file":"internal/modules/cjs/loader.js","function":"Module._compile","line":689,"method":"_compile","native":false},{"column":10,"file":"internal/modules/cjs/loader.js","function":"Module._extensions..js","line":700,"method":".js","native":false},{"column":32,"file":"internal/modules/cjs/loader.js","function":"Module.load","line":599,"method":"load","native":false},{"column":12,"file":"internal/modules/cjs/loader.js","function":"tryModuleLoad","line":538,"method":null,"native":false},{"column":3,"file":"internal/modules/cjs/loader.js","function":"Module._load","line":530,"method":"_load","native":false},{"column":12,"file":"internal/modules/cjs/loader.js","function":"Module.runMain","line":742,"method":"runMain","native":false},{"column":19,"file":"internal/bootstrap/node.js","function":"startup","line":283,"method":null,"native":false},{"column":3,"file":"internal/bootstrap/node.js","function":"bootstrapNodeJSCore","line":743,"method":null,"native":false}]}
error: uncaughtException: Cannot find module '../models/user'
Error: Cannot find module '../models/user'
    at Function.Module._resolveFilename (internal/modules/cjs/loader.js:581:15)
    at Function.Module._load (internal/modules/cjs/loader.js:507:25)
    at Module.require (internal/modules/cjs/loader.js:637:17)
    at require (internal/modules/cjs/helpers.js:22:18)
    at Object.<anonymous> (/Users/jan/dev/Actividad_1/server/index.js:12:14)
    at Module._compile (internal/modules/cjs/loader.js:689:30)
    at Object.Module._extensions..js (internal/modules/cjs/loader.js:700:10)
    at Module.load (internal/modules/cjs/loader.js:599:32)
    at tryModuleLoad (internal/modules/cjs/loader.js:538:12)
    at Function.Module._load (internal/modules/cjs/loader.js:530:3)
    at Function.Module.runMain (internal/modules/cjs/loader.js:742:12)
    at startup (internal/bootstrap/node.js:283:19)
    at bootstrapNodeJSCore (internal/bootstrap/node.js:743:3) {"error":{"code":"MODULE_NOT_FOUND"},"stack":"Error: Cannot find module '../models/user'\n    at Function.Module._resolveFilename (internal/modules/cjs/loader.js:581:15)\n    at Function.Module._load (internal/modules/cjs/loader.js:507:25)\n    at Module.require (internal/modules/cjs/loader.js:637:17)\n    at require (internal/modules/cjs/helpers.js:22:18)\n    at Object.<anonymous> (/Users/jan/dev/Actividad_1/server/index.js:12:14)\n    at Module._compile (internal/modules/cjs/loader.js:689:30)\n    at Object.Module._extensions..js (internal/modules/cjs/loader.js:700:10)\n    at Module.load (internal/modules/cjs/loader.js:599:32)\n    at tryModuleLoad (internal/modules/cjs/loader.js:538:12)\n    at Function.Module._load (internal/modules/cjs/loader.js:530:3)\n    at Function.Module.runMain (internal/modules/cjs/loader.js:742:12)\n    at startup (internal/bootstrap/node.js:283:19)\n    at bootstrapNodeJSCore (internal/bootstrap/node.js:743:3)","exception":true,"date":"Mon Apr 08 2019 16:50:43 GMT+0200 (GMT+02:00)","process":{"pid":2321,"uid":501,"gid":20,"cwd":"/Users/jan/dev/Actividad_1","execPath":"/usr/local/bin/node","version":"v10.15.1","argv":["/usr/local/bin/node","/Users/jan/dev/Actividad_1/server"],"memoryUsage":{"rss":54992896,"heapTotal":39649280,"heapUsed":27048832,"external":20301037}},"os":{"loadavg":[3.748046875,3.07666015625,3.14208984375],"uptime":24351},"trace":[{"column":15,"file":"internal/modules/cjs/loader.js","function":"Module._resolveFilename","line":581,"method":"_resolveFilename","native":false},{"column":25,"file":"internal/modules/cjs/loader.js","function":"Module._load","line":507,"method":"_load","native":false},{"column":17,"file":"internal/modules/cjs/loader.js","function":"Module.require","line":637,"method":"require","native":false},{"column":18,"file":"internal/modules/cjs/helpers.js","function":"require","line":22,"method":null,"native":false},{"column":14,"file":"/Users/jan/dev/Actividad_1/server/index.js","function":null,"line":12,"method":null,"native":false},{"column":30,"file":"internal/modules/cjs/loader.js","function":"Module._compile","line":689,"method":"_compile","native":false},{"column":10,"file":"internal/modules/cjs/loader.js","function":"Module._extensions..js","line":700,"method":".js","native":false},{"column":32,"file":"internal/modules/cjs/loader.js","function":"Module.load","line":599,"method":"load","native":false},{"column":12,"file":"internal/modules/cjs/loader.js","function":"tryModuleLoad","line":538,"method":null,"native":false},{"column":3,"file":"internal/modules/cjs/loader.js","function":"Module._load","line":530,"method":"_load","native":false},{"column":12,"file":"internal/modules/cjs/loader.js","function":"Module.runMain","line":742,"method":"runMain","native":false},{"column":19,"file":"internal/bootstrap/node.js","function":"startup","line":283,"method":null,"native":false},{"column":3,"file":"internal/bootstrap/node.js","function":"bootstrapNodeJSCore","line":743,"method":null,"native":false}]}
error: uncaughtException: Cannot find module '../models/user'
Error: Cannot find module '../models/user'
    at Function.Module._resolveFilename (internal/modules/cjs/loader.js:581:15)
    at Function.Module._load (internal/modules/cjs/loader.js:507:25)
    at Module.require (internal/modules/cjs/loader.js:637:17)
    at require (internal/modules/cjs/helpers.js:22:18)
    at Object.<anonymous> (/Users/jan/dev/Actividad_1/server/index.js:9:14)
    at Module._compile (internal/modules/cjs/loader.js:689:30)
    at Object.Module._extensions..js (internal/modules/cjs/loader.js:700:10)
    at Module.load (internal/modules/cjs/loader.js:599:32)
    at tryModuleLoad (internal/modules/cjs/loader.js:538:12)
    at Function.Module._load (internal/modules/cjs/loader.js:530:3)
    at Function.Module.runMain (internal/modules/cjs/loader.js:742:12)
    at startup (internal/bootstrap/node.js:283:19)
    at bootstrapNodeJSCore (internal/bootstrap/node.js:743:3) {"error":{"code":"MODULE_NOT_FOUND"},"stack":"Error: Cannot find module '../models/user'\n    at Function.Module._resolveFilename (internal/modules/cjs/loader.js:581:15)\n    at Function.Module._load (internal/modules/cjs/loader.js:507:25)\n    at Module.require (internal/modules/cjs/loader.js:637:17)\n    at require (internal/modules/cjs/helpers.js:22:18)\n    at Object.<anonymous> (/Users/jan/dev/Actividad_1/server/index.js:9:14)\n    at Module._compile (internal/modules/cjs/loader.js:689:30)\n    at Object.Module._extensions..js (internal/modules/cjs/loader.js:700:10)\n    at Module.load (internal/modules/cjs/loader.js:599:32)\n    at tryModuleLoad (internal/modules/cjs/loader.js:538:12)\n    at Function.Module._load (internal/modules/cjs/loader.js:530:3)\n    at Function.Module.runMain (internal/modules/cjs/loader.js:742:12)\n    at startup (internal/bootstrap/node.js:283:19)\n    at bootstrapNodeJSCore (internal/bootstrap/node.js:743:3)","exception":true,"date":"Mon Apr 08 2019 17:10:10 GMT+0200 (GMT+02:00)","process":{"pid":2509,"uid":501,"gid":20,"cwd":"/Users/jan/dev/Actividad_1","execPath":"/usr/local/bin/node","version":"v10.15.1","argv":["/usr/local/bin/node","/Users/jan/dev/Actividad_1/server"],"memoryUsage":{"rss":52363264,"heapTotal":37470208,"heapUsed":23518360,"external":19761179}},"os":{"loadavg":[1.8173828125,1.935546875,2.2744140625],"uptime":25518},"trace":[{"column":15,"file":"internal/modules/cjs/loader.js","function":"Module._resolveFilename","line":581,"method":"_resolveFilename","native":false},{"column":25,"file":"internal/modules/cjs/loader.js","function":"Module._load","line":507,"method":"_load","native":false},{"column":17,"file":"internal/modules/cjs/loader.js","function":"Module.require","line":637,"method":"require","native":false},{"column":18,"file":"internal/modules/cjs/helpers.js","function":"require","line":22,"method":null,"native":false},{"column":14,"file":"/Users/jan/dev/Actividad_1/server/index.js","function":null,"line":9,"method":null,"native":false},{"column":30,"file":"internal/modules/cjs/loader.js","function":"Module._compile","line":689,"method":"_compile","native":false},{"column":10,"file":"internal/modules/cjs/loader.js","function":"Module._extensions..js","line":700,"method":".js","native":false},{"column":32,"file":"internal/modules/cjs/loader.js","function":"Module.load","line":599,"method":"load","native":false},{"column":12,"file":"internal/modules/cjs/loader.js","function":"tryModuleLoad","line":538,"method":null,"native":false},{"column":3,"file":"internal/modules/cjs/loader.js","function":"Module._load","line":530,"method":"_load","native":false},{"column":12,"file":"internal/modules/cjs/loader.js","function":"Module.runMain","line":742,"method":"runMain","native":false},{"column":19,"file":"internal/bootstrap/node.js","function":"startup","line":283,"method":null,"native":false},{"column":3,"file":"internal/bootstrap/node.js","function":"bootstrapNodeJSCore","line":743,"method":null,"native":false}]}
error: uncaughtException: session is not defined
ReferenceError: session is not defined
    at Object.<anonymous> (/Users/jan/dev/Actividad_1/server/index.js:19:5)
    at Module._compile (internal/modules/cjs/loader.js:689:30)
    at Object.Module._extensions..js (internal/modules/cjs/loader.js:700:10)
    at Module.load (internal/modules/cjs/loader.js:599:32)
    at tryModuleLoad (internal/modules/cjs/loader.js:538:12)
    at Function.Module._load (internal/modules/cjs/loader.js:530:3)
    at Function.Module.runMain (internal/modules/cjs/loader.js:742:12)
    at startup (internal/bootstrap/node.js:283:19)
    at bootstrapNodeJSCore (internal/bootstrap/node.js:743:3) {"error":{},"stack":"ReferenceError: session is not defined\n    at Object.<anonymous> (/Users/jan/dev/Actividad_1/server/index.js:19:5)\n    at Module._compile (internal/modules/cjs/loader.js:689:30)\n    at Object.Module._extensions..js (internal/modules/cjs/loader.js:700:10)\n    at Module.load (internal/modules/cjs/loader.js:599:32)\n    at tryModuleLoad (internal/modules/cjs/loader.js:538:12)\n    at Function.Module._load (internal/modules/cjs/loader.js:530:3)\n    at Function.Module.runMain (internal/modules/cjs/loader.js:742:12)\n    at startup (internal/bootstrap/node.js:283:19)\n    at bootstrapNodeJSCore (internal/bootstrap/node.js:743:3)","exception":true,"date":"Mon Apr 08 2019 17:26:57 GMT+0200 (GMT+02:00)","process":{"pid":2644,"uid":501,"gid":20,"cwd":"/Users/jan/dev/Actividad_1","execPath":"/usr/local/bin/node","version":"v10.15.1","argv":["/usr/local/bin/node","/Users/jan/dev/Actividad_1/server"],"memoryUsage":{"rss":55087104,"heapTotal":40173568,"heapUsed":27118184,"external":20301037}},"os":{"loadavg":[1.5625,1.900390625,2.07861328125],"uptime":26525},"trace":[{"column":5,"file":"/Users/jan/dev/Actividad_1/server/index.js","function":null,"line":19,"method":null,"native":false},{"column":30,"file":"internal/modules/cjs/loader.js","function":"Module._compile","line":689,"method":"_compile","native":false},{"column":10,"file":"internal/modules/cjs/loader.js","function":"Module._extensions..js","line":700,"method":".js","native":false},{"column":32,"file":"internal/modules/cjs/loader.js","function":"Module.load","line":599,"method":"load","native":false},{"column":12,"file":"internal/modules/cjs/loader.js","function":"tryModuleLoad","line":538,"method":null,"native":false},{"column":3,"file":"internal/modules/cjs/loader.js","function":"Module._load","line":530,"method":"_load","native":false},{"column":12,"file":"internal/modules/cjs/loader.js","function":"Module.runMain","line":742,"method":"runMain","native":false},{"column":19,"file":"internal/bootstrap/node.js","function":"startup","line":283,"method":null,"native":false},{"column":3,"file":"internal/bootstrap/node.js","function":"bootstrapNodeJSCore","line":743,"method":null,"native":false}]}
error: uncaughtException: listen EADDRINUSE: address already in use :::3000
Error: listen EADDRINUSE: address already in use :::3000
    at Server.setupListenHandle [as _listen2] (net.js:1277:14)
    at listenInCluster (net.js:1325:12)
    at Server.listen (net.js:1412:7)
    at Function.listen (/Users/jan/dev/Actividad_1/node_modules/express/lib/application.js:618:24)
    at Object.<anonymous> (/Users/jan/dev/Actividad_1/server/index.js:107:5)
    at Module._compile (internal/modules/cjs/loader.js:689:30)
    at Object.Module._extensions..js (internal/modules/cjs/loader.js:700:10)
    at Module.load (internal/modules/cjs/loader.js:599:32)
    at tryModuleLoad (internal/modules/cjs/loader.js:538:12)
    at Function.Module._load (internal/modules/cjs/loader.js:530:3)
    at Function.Module.runMain (internal/modules/cjs/loader.js:742:12)
    at startup (internal/bootstrap/node.js:283:19)
    at bootstrapNodeJSCore (internal/bootstrap/node.js:743:3) {"error":{"code":"EADDRINUSE","errno":"EADDRINUSE","syscall":"listen","address":"::","port":3000},"stack":"Error: listen EADDRINUSE: address already in use :::3000\n    at Server.setupListenHandle [as _listen2] (net.js:1277:14)\n    at listenInCluster (net.js:1325:12)\n    at Server.listen (net.js:1412:7)\n    at Function.listen (/Users/jan/dev/Actividad_1/node_modules/express/lib/application.js:618:24)\n    at Object.<anonymous> (/Users/jan/dev/Actividad_1/server/index.js:107:5)\n    at Module._compile (internal/modules/cjs/loader.js:689:30)\n    at Object.Module._extensions..js (internal/modules/cjs/loader.js:700:10)\n    at Module.load (internal/modules/cjs/loader.js:599:32)\n    at tryModuleLoad (internal/modules/cjs/loader.js:538:12)\n    at Function.Module._load (internal/modules/cjs/loader.js:530:3)\n    at Function.Module.runMain (internal/modules/cjs/loader.js:742:12)\n    at startup (internal/bootstrap/node.js:283:19)\n    at bootstrapNodeJSCore (internal/bootstrap/node.js:743:3)","exception":true,"date":"Mon Apr 08 2019 17:28:35 GMT+0200 (GMT+02:00)","process":{"pid":2674,"uid":501,"gid":20,"cwd":"/Users/jan/dev/Actividad_1","execPath":"/usr/local/bin/node","version":"v10.15.1","argv":["/usr/local/bin/node","/Users/jan/dev/Actividad_1/server/index.js"],"memoryUsage":{"rss":57565184,"heapTotal":57999360,"heapUsed":23257672,"external":18278960}},"os":{"loadavg":[1.97705078125,1.94970703125,2.07861328125],"uptime":26623},"trace":[{"column":14,"file":"net.js","function":"Server.setupListenHandle [as _listen2]","line":1277,"method":"setupListenHandle [as _listen2]","native":false},{"column":12,"file":"net.js","function":"listenInCluster","line":1325,"method":null,"native":false},{"column":7,"file":"net.js","function":"Server.listen","line":1412,"method":"listen","native":false},{"column":24,"file":"/Users/jan/dev/Actividad_1/node_modules/express/lib/application.js","function":"Function.listen","line":618,"method":"listen","native":false},{"column":5,"file":"/Users/jan/dev/Actividad_1/server/index.js","function":null,"line":107,"method":null,"native":false},{"column":30,"file":"internal/modules/cjs/loader.js","function":"Module._compile","line":689,"method":"_compile","native":false},{"column":10,"file":"internal/modules/cjs/loader.js","function":"Module._extensions..js","line":700,"method":".js","native":false},{"column":32,"file":"internal/modules/cjs/loader.js","function":"Module.load","line":599,"method":"load","native":false},{"column":12,"file":"internal/modules/cjs/loader.js","function":"tryModuleLoad","line":538,"method":null,"native":false},{"column":3,"file":"internal/modules/cjs/loader.js","function":"Module._load","line":530,"method":"_load","native":false},{"column":12,"file":"internal/modules/cjs/loader.js","function":"Module.runMain","line":742,"method":"runMain","native":false},{"column":19,"file":"internal/bootstrap/node.js","function":"startup","line":283,"method":null,"native":false},{"column":3,"file":"internal/bootstrap/node.js","function":"bootstrapNodeJSCore","line":743,"method":null,"native":false}]}
